build/app/intermediates/manifest_merge_blame_file/release/manifest-merger-blame-release-report.txt
1<?xml version="1.0" encoding="utf-8"?>
2<manifest xmlns:android="http://schemas.android.com/apk/res/android"
3    package="com.wasay.where"
4    android:versionCode="1"
5    android:versionName="1.0.0" >
6
7    <uses-sdk
8        android:minSdkVersion="21"
8-->src\main\AndroidManifest.xml
9        android:targetSdkVersion="29" />
9-->src\main\AndroidManifest.xml
10    <!--
11         io.flutter.app.FlutterApplication is an android.app.Application that
12         calls FlutterMain.startInitialization(this); in its onCreate method.
13         In most cases you can leave this as-is, but you if you want to provide
14         additional functionality it is fine to subclass or reimplement
15         FlutterApplication and put your custom class here.
16    -->
17    <uses-permission android:name="android.permission.WAKE_LOCK" />
17-->src\main\AndroidManifest.xml:8:5-68
17-->src\main\AndroidManifest.xml:8:22-65
18    <uses-permission android:name="android.permission.REQUEST_IGNORE_BATTERY_OPTIMIZATIONS" />
18-->src\main\AndroidManifest.xml:9:5-95
18-->src\main\AndroidManifest.xml:9:22-92
19    <uses-permission android:name="android.permission.FOREGROUND_SERVICE" />
19-->src\main\AndroidManifest.xml:10:5-76
19-->src\main\AndroidManifest.xml:10:22-74
20    <uses-permission
20-->src\main\AndroidManifest.xml:11:5-68
21        android:name="android.permission.BLUETOOTH"
21-->src\main\AndroidManifest.xml:11:22-65
22        android:required="false" />
22-->[org.altbeacon:android-beacon-library:2.16.3] AndroidManifest.xml:13:9-33
23    <uses-permission
23-->src\main\AndroidManifest.xml:12:5-74
24        android:name="android.permission.BLUETOOTH_ADMIN"
24-->src\main\AndroidManifest.xml:12:22-71
25        android:required="false" />
25-->[org.altbeacon:android-beacon-library:2.16.3] AndroidManifest.xml:16:9-33
26    <uses-permission android:name="android.permission.ACCESS_FINE_LOCATION" />
26-->src\main\AndroidManifest.xml:13:5-79
26-->src\main\AndroidManifest.xml:13:22-76
27    <uses-permission android:name="android.permission.INTERNET" />
27-->src\main\AndroidManifest.xml:14:5-67
27-->src\main\AndroidManifest.xml:14:22-64
28    <uses-permission android:name="android.permission.ACCESS_COARSE_LOCATION" />
28-->src\main\AndroidManifest.xml:15:5-81
28-->src\main\AndroidManifest.xml:15:22-78
29    <uses-permission android:name="android.permission.WRITE_EXTERNAL_STORAGE" />
29-->src\main\AndroidManifest.xml:16:5-80
29-->src\main\AndroidManifest.xml:16:22-78
30    <uses-permission android:name="android.permission.READ_EXTERNAL_STORAGE" />
30-->src\main\AndroidManifest.xml:17:5-79
30-->src\main\AndroidManifest.xml:17:22-77
31    <uses-permission android:name="android.permission.FOREGROUND_SERVICE" />
31-->src\main\AndroidManifest.xml:10:5-76
31-->src\main\AndroidManifest.xml:10:22-74
32    <uses-permission android:name="android.permission.CAMERA" />
32-->[:flutter_barcode_scanner] AndroidManifest.xml:9:5-65
32-->[:flutter_barcode_scanner] AndroidManifest.xml:9:22-62
33
34    <uses-feature android:name="android.hardware.camera" />
34-->[:flutter_barcode_scanner] AndroidManifest.xml:11:5-60
34-->[:flutter_barcode_scanner] AndroidManifest.xml:11:19-57
35
36    <uses-permission android:name="android.permission.FLASHLIGHT" />
36-->[:flutter_barcode_scanner] AndroidManifest.xml:13:5-69
36-->[:flutter_barcode_scanner] AndroidManifest.xml:13:22-66
37    <uses-permission android:name="android.permission.RECEIVE_BOOT_COMPLETED" /> <!-- Include required permissions for Google Maps API to run. -->
37-->[:flutter_background_service] AndroidManifest.xml:8:5-81
37-->[:flutter_background_service] AndroidManifest.xml:8:22-78
38    <uses-permission android:name="android.permission.ACCESS_NETWORK_STATE" />
38-->[com.google.android.gms:play-services-maps:17.0.0] AndroidManifest.xml:23:5-79
38-->[com.google.android.gms:play-services-maps:17.0.0] AndroidManifest.xml:23:22-76
39
40    <uses-feature
40-->[com.google.android.gms:play-services-maps:17.0.0] AndroidManifest.xml:26:5-28:35
41        android:glEsVersion="0x00020000"
41-->[com.google.android.gms:play-services-maps:17.0.0] AndroidManifest.xml:27:9-41
42        android:required="true" />
42-->[com.google.android.gms:play-services-maps:17.0.0] AndroidManifest.xml:28:9-32
43
44    <application
44-->src\main\AndroidManifest.xml:20:5-71:19
45        android:name="io.flutter.app.FlutterApplication"
45-->src\main\AndroidManifest.xml:23:9-57
46        android:appComponentFactory="androidx.core.app.CoreComponentFactory"
46-->[androidx.core:core:1.3.2] AndroidManifest.xml:24:18-86
47        android:icon="@mipmap/ic_launcher"
47-->src\main\AndroidManifest.xml:25:9-43
48        android:label="KS Project"
48-->src\main\AndroidManifest.xml:24:9-35
49        android:largeHeap="true"
49-->[:flutter_barcode_scanner] AndroidManifest.xml:16:9-33
50        android:networkSecurityConfig="@xml/network_security_config"
50-->src\main\AndroidManifest.xml:26:9-69
51        android:requestLegacyExternalStorage="true"
51-->src\main\AndroidManifest.xml:21:9-52
52        android:theme="@style/Theme.AppCompat.NoActionBar"
52-->[:flutter_barcode_scanner] AndroidManifest.xml:17:9-59
53        android:usesCleartextTraffic="true" >
53-->src\main\AndroidManifest.xml:22:9-44
54        <meta-data
54-->src\main\AndroidManifest.xml:29:9-30:70
55            android:name="com.google.android.geo.API_KEY"
55-->src\main\AndroidManifest.xml:29:20-65
56            android:value="AIzaSyDJMP3QREQLMoDTL_Sb-MCkUjCuNEdo2vw" />
56-->src\main\AndroidManifest.xml:30:13-68
57        <meta-data
57-->src\main\AndroidManifest.xml:31:9-34:15
58            android:name="io.flutter.embedding.android.SplashScreenDrawable"
58-->src\main\AndroidManifest.xml:32:13-77
59            android:resource="@drawable/my_splash" />
59-->src\main\AndroidManifest.xml:33:13-51
60        <meta-data
60-->src\main\AndroidManifest.xml:35:9-36:66
61            android:name="io.flutter.network-policy"
61-->src\main\AndroidManifest.xml:35:20-60
62            android:resource="@xml/network_security_config" />
62-->src\main\AndroidManifest.xml:36:17-64
63
64        <activity
64-->src\main\AndroidManifest.xml:37:9-65:20
65            android:name="com.example.where.MainActivity"
65-->src\main\AndroidManifest.xml:38:13-41
66            android:configChanges="orientation|keyboardHidden|keyboard|screenSize|smallestScreenSize|locale|layoutDirection|fontScale|screenLayout|density|uiMode"
66-->src\main\AndroidManifest.xml:41:13-163
67            android:hardwareAccelerated="true"
67-->src\main\AndroidManifest.xml:42:13-47
68            android:launchMode="singleTop"
68-->src\main\AndroidManifest.xml:39:13-43
69            android:theme="@style/LaunchTheme"
69-->src\main\AndroidManifest.xml:40:13-47
70            android:windowSoftInputMode="adjustResize" >
70-->src\main\AndroidManifest.xml:43:13-55
71
72            <!--
73                 Specifies an Android theme to apply to this Activity as soon as
74                 the Android process has started. This theme is visible to the user
75                 while the Flutter UI initializes. After that, this theme continues
76                 to determine the Window background behind the Flutter UI.
77            -->
78            <meta-data
78-->src\main\AndroidManifest.xml:48:13-51:17
79                android:name="io.flutter.embedding.android.NormalTheme"
79-->src\main\AndroidManifest.xml:49:15-70
80                android:resource="@style/NormalTheme" />
80-->src\main\AndroidManifest.xml:50:15-52
81            <!--
82                 Displays an Android View that continues showing the launch screen
83                 Drawable until Flutter paints its first frame, then this splash
84                 screen fades out. A splash screen is useful to avoid any visual
85                 gap between the end of Android's launch screen and the painting of
86                 Flutter's first frame.
87            -->
88            <meta-data
88-->src\main\AndroidManifest.xml:31:9-34:15
89                android:name="io.flutter.embedding.android.SplashScreenDrawable"
89-->src\main\AndroidManifest.xml:32:13-77
90                android:resource="@drawable/launch_background" />
90-->src\main\AndroidManifest.xml:33:13-51
91
92            <intent-filter>
92-->src\main\AndroidManifest.xml:61:13-64:29
93                <action android:name="android.intent.action.MAIN" />
93-->src\main\AndroidManifest.xml:62:17-68
93-->src\main\AndroidManifest.xml:62:25-66
94
95                <category android:name="android.intent.category.LAUNCHER" />
95-->src\main\AndroidManifest.xml:63:17-76
95-->src\main\AndroidManifest.xml:63:27-74
96            </intent-filter>
97        </activity>
98        <!--
99             Don't delete the meta-data below.
100             This is used by the Flutter tool to generate GeneratedPluginRegistrant.java
101        -->
102        <meta-data
102-->src\main\AndroidManifest.xml:68:9-70:33
103            android:name="flutterEmbedding"
103-->src\main\AndroidManifest.xml:69:13-44
104            android:value="2" />
104-->src\main\AndroidManifest.xml:70:13-30
105
106        <service
106-->[:location] AndroidManifest.xml:11:9-15:56
107            android:name="com.lyokone.location.FlutterLocationService"
107-->[:location] AndroidManifest.xml:12:13-71
108            android:enabled="true"
108-->[:location] AndroidManifest.xml:13:13-35
109            android:exported="false"
109-->[:location] AndroidManifest.xml:14:13-37
110            android:foregroundServiceType="location" />
110-->[:location] AndroidManifest.xml:15:13-53
111
112        <activity android:name="com.amolg.flutterbarcodescanner.BarcodeCaptureActivity" />
112-->[:flutter_barcode_scanner] AndroidManifest.xml:18:9-91
112-->[:flutter_barcode_scanner] AndroidManifest.xml:18:19-88
113
114        <service android:name="id.flutter.flutter_background_service.BackgroundService" />
114-->[:flutter_background_service] AndroidManifest.xml:12:9-91
114-->[:flutter_background_service] AndroidManifest.xml:12:18-88
115
116        <receiver android:name="id.flutter.flutter_background_service.WatchdogReceiver" />
116-->[:flutter_background_service] AndroidManifest.xml:14:9-91
116-->[:flutter_background_service] AndroidManifest.xml:14:19-88
117        <receiver android:name="id.flutter.flutter_background_service.BootReceiver" >
117-->[:flutter_background_service] AndroidManifest.xml:15:9-19:20
117-->[:flutter_background_service] AndroidManifest.xml:15:19-84
118            <intent-filter>
118-->[:flutter_background_service] AndroidManifest.xml:16:13-18:29
119                <action android:name="android.intent.action.BOOT_COMPLETED" />
119-->[:flutter_background_service] AndroidManifest.xml:17:17-79
119-->[:flutter_background_service] AndroidManifest.xml:17:25-76
120            </intent-filter>
121        </receiver>
122
123        <activity
123-->[:url_launcher] AndroidManifest.xml:8:9-11:74
124            android:name="io.flutter.plugins.urllauncher.WebViewActivity"
124-->[:url_launcher] AndroidManifest.xml:9:13-74
125            android:exported="false"
125-->[:url_launcher] AndroidManifest.xml:10:13-37
126            android:theme="@android:style/Theme.NoTitleBar.Fullscreen" /> <!-- Needs to be explicitly declared on P+ -->
126-->[:url_launcher] AndroidManifest.xml:11:13-71
127        <uses-library
127-->[com.google.android.gms:play-services-maps:17.0.0] AndroidManifest.xml:33:9-35:40
128            android:name="org.apache.http.legacy"
128-->[com.google.android.gms:play-services-maps:17.0.0] AndroidManifest.xml:34:13-50
129            android:required="false" />
129-->[com.google.android.gms:play-services-maps:17.0.0] AndroidManifest.xml:35:13-37
130
131        <activity
131-->[com.google.android.gms:play-services-base:17.0.0] AndroidManifest.xml:23:9-26:75
132            android:name="com.google.android.gms.common.api.GoogleApiActivity"
132-->[com.google.android.gms:play-services-base:17.0.0] AndroidManifest.xml:24:13-79
133            android:exported="false"
133-->[com.google.android.gms:play-services-base:17.0.0] AndroidManifest.xml:25:13-37
134            android:theme="@android:style/Theme.Translucent.NoTitleBar" />
134-->[com.google.android.gms:play-services-base:17.0.0] AndroidManifest.xml:26:13-72
135
136        <meta-data
136-->[com.google.android.gms:play-services-basement:17.0.0] AndroidManifest.xml:23:9-25:69
137            android:name="com.google.android.gms.version"
137-->[com.google.android.gms:play-services-basement:17.0.0] AndroidManifest.xml:24:13-58
138            android:value="@integer/google_play_services_version" />
138-->[com.google.android.gms:play-services-basement:17.0.0] AndroidManifest.xml:25:13-66
139
140        <receiver android:name="org.altbeacon.beacon.startup.StartupBroadcastReceiver" >
140-->[org.altbeacon:android-beacon-library:2.16.3] AndroidManifest.xml:21:9-27:20
140-->[org.altbeacon:android-beacon-library:2.16.3] AndroidManifest.xml:21:19-87
141            <intent-filter>
141-->[org.altbeacon:android-beacon-library:2.16.3] AndroidManifest.xml:22:13-26:29
142                <action android:name="android.intent.action.BOOT_COMPLETED" />
142-->[:flutter_background_service] AndroidManifest.xml:17:17-79
142-->[:flutter_background_service] AndroidManifest.xml:17:25-76
143                <action android:name="android.intent.action.ACTION_POWER_CONNECTED" />
143-->[org.altbeacon:android-beacon-library:2.16.3] AndroidManifest.xml:24:17-87
143-->[org.altbeacon:android-beacon-library:2.16.3] AndroidManifest.xml:24:25-84
144                <action android:name="android.intent.action.ACTION_POWER_DISCONNECTED" />
144-->[org.altbeacon:android-beacon-library:2.16.3] AndroidManifest.xml:25:17-90
144-->[org.altbeacon:android-beacon-library:2.16.3] AndroidManifest.xml:25:25-87
145            </intent-filter>
146        </receiver>
147
148        <service
148-->[org.altbeacon:android-beacon-library:2.16.3] AndroidManifest.xml:29:9-34:38
149            android:name="org.altbeacon.beacon.service.BeaconService"
149-->[org.altbeacon:android-beacon-library:2.16.3] AndroidManifest.xml:30:13-70
150            android:enabled="true"
150-->[org.altbeacon:android-beacon-library:2.16.3] AndroidManifest.xml:31:13-35
151            android:exported="false"
151-->[org.altbeacon:android-beacon-library:2.16.3] AndroidManifest.xml:32:13-37
152            android:isolatedProcess="false"
152-->[org.altbeacon:android-beacon-library:2.16.3] AndroidManifest.xml:33:13-44
153            android:label="beacon" />
153-->[org.altbeacon:android-beacon-library:2.16.3] AndroidManifest.xml:34:13-35
154        <service
154-->[org.altbeacon:android-beacon-library:2.16.3] AndroidManifest.xml:35:9-38:40
155            android:name="org.altbeacon.beacon.BeaconIntentProcessor"
155-->[org.altbeacon:android-beacon-library:2.16.3] AndroidManifest.xml:36:13-70
156            android:enabled="true"
156-->[org.altbeacon:android-beacon-library:2.16.3] AndroidManifest.xml:37:13-35
157            android:exported="false" />
157-->[org.altbeacon:android-beacon-library:2.16.3] AndroidManifest.xml:38:13-37
158        <service
158-->[org.altbeacon:android-beacon-library:2.16.3] AndroidManifest.xml:39:9-48:19
159            android:name="org.altbeacon.beacon.service.ScanJob"
159-->[org.altbeacon:android-beacon-library:2.16.3] AndroidManifest.xml:40:13-64
160            android:permission="android.permission.BIND_JOB_SERVICE" >
160-->[org.altbeacon:android-beacon-library:2.16.3] AndroidManifest.xml:41:13-69
161            <meta-data
161-->[org.altbeacon:android-beacon-library:2.16.3] AndroidManifest.xml:42:13-44:45
162                android:name="immediateScanJobId"
162-->[org.altbeacon:android-beacon-library:2.16.3] AndroidManifest.xml:43:17-50
163                android:value="208352939" />
163-->[org.altbeacon:android-beacon-library:2.16.3] AndroidManifest.xml:44:17-42
164            <meta-data
164-->[org.altbeacon:android-beacon-library:2.16.3] AndroidManifest.xml:45:13-47:45
165                android:name="periodicScanJobId"
165-->[org.altbeacon:android-beacon-library:2.16.3] AndroidManifest.xml:46:17-49
166                android:value="208352940" />
166-->[org.altbeacon:android-beacon-library:2.16.3] AndroidManifest.xml:47:17-42
167        </service>
168        <service
168-->[org.altbeacon:android-beacon-library:2.16.3] AndroidManifest.xml:49:9-55:19
169            android:name="org.altbeacon.bluetooth.BluetoothTestJob"
169-->[org.altbeacon:android-beacon-library:2.16.3] AndroidManifest.xml:50:13-68
170            android:permission="android.permission.BIND_JOB_SERVICE" >
170-->[org.altbeacon:android-beacon-library:2.16.3] AndroidManifest.xml:51:13-69
171            <meta-data
171-->[org.altbeacon:android-beacon-library:2.16.3] AndroidManifest.xml:52:13-54:46
172                android:name="jobId"
172-->[org.altbeacon:android-beacon-library:2.16.3] AndroidManifest.xml:53:17-37
173                android:value="1799803768" />
173-->[org.altbeacon:android-beacon-library:2.16.3] AndroidManifest.xml:54:17-43
174        </service>
175    </application>
176
177</manifest>